jrmfwalletpaylib/build/outputs/logs/manifest-merger-debug-report.txt
-- Merging decision tree log ---
manifest
ADDED from src\main\AndroidManifest.xml:1:1-78:12
INJECTED from src\main\AndroidManifest.xml:1:1-78:12
INJECTED from src\main\AndroidManifest.xml:1:1-78:12
INJECTED from src\main\AndroidManifest.xml:1:1-78:12
INJECTED from src\main\AndroidManifest.xml:1:1-78:12
INJECTED from src\main\AndroidManifest.xml:1:1-78:12
INJECTED from src\main\AndroidManifest.xml:1:1-78:12
	package
		ADDED from src\main\AndroidManifest.xml:2:11-45
		INJECTED from src\main\AndroidManifest.xml
		INJECTED from src\main\AndroidManifest.xml
	android:versionName
		INJECTED from src\main\AndroidManifest.xml
		ADDED from src\main\AndroidManifest.xml:1:1-78:12
		INJECTED from src\main\AndroidManifest.xml
	android:versionCode
		INJECTED from src\main\AndroidManifest.xml
		ADDED from src\main\AndroidManifest.xml:1:1-78:12
		INJECTED from src\main\AndroidManifest.xml
	xmlns:android
		ADDED from src\main\AndroidManifest.xml:1:11-69
uses-permission#android.permission.INTERNET
ADDED from src\main\AndroidManifest.xml:4:5-66
	android:name
		ADDED from src\main\AndroidManifest.xml:4:22-64
uses-permission#android.permission.ACCESS_NETWORK_STATE
ADDED from src\main\AndroidManifest.xml:5:5-78
	android:name
		ADDED from src\main\AndroidManifest.xml:5:22-76
uses-permission#android.permission.ACCESS_WIFI_STATE
ADDED from src\main\AndroidManifest.xml:6:5-75
	android:name
		ADDED from src\main\AndroidManifest.xml:6:22-73
uses-permission#android.permission.WRITE_EXTERNAL_STORAGE
ADDED from src\main\AndroidManifest.xml:7:5-80
	android:name
		ADDED from src\main\AndroidManifest.xml:7:22-78
uses-permission#android.permission.READ_EXTERNAL_STORAGE
ADDED from src\main\AndroidManifest.xml:8:5-79
	android:name
		ADDED from src\main\AndroidManifest.xml:8:22-77
application
ADDED from src\main\AndroidManifest.xml:10:5-76:19
activity#com.jrmf360.walletpaylib.ui.WalletPayActivity
ADDED from src\main\AndroidManifest.xml:12:9-15:20
	android:configChanges
		ADDED from src\main\AndroidManifest.xml:14:13-74
	android:name
		ADDED from src\main\AndroidManifest.xml:13:13-73
activity#com.jrmf360.walletpaylib.ui.AddCardActivity
ADDED from src\main\AndroidManifest.xml:18:9-21:20
	android:configChanges
		ADDED from src\main\AndroidManifest.xml:20:13-74
	android:name
		ADDED from src\main\AndroidManifest.xml:19:13-71
activity#com.jrmf360.walletpaylib.ui.AddCardSecondActivity
ADDED from src\main\AndroidManifest.xml:23:9-26:20
	android:configChanges
		ADDED from src\main\AndroidManifest.xml:25:13-74
	android:name
		ADDED from src\main\AndroidManifest.xml:24:13-77
activity#com.jrmf360.walletpaylib.ui.BankCardListActivity
ADDED from src\main\AndroidManifest.xml:28:9-31:20
	android:configChanges
		ADDED from src\main\AndroidManifest.xml:30:13-74
	android:name
		ADDED from src\main\AndroidManifest.xml:29:13-76
activity#com.jrmf360.walletpaylib.ui.EnBrowserActivity
ADDED from src\main\AndroidManifest.xml:32:9-36:20
	android:configChanges
		ADDED from src\main\AndroidManifest.xml:34:13-74
	android:theme
		ADDED from src\main\AndroidManifest.xml:35:13-61
	android:name
		ADDED from src\main\AndroidManifest.xml:33:13-73
activity#com.jrmf360.walletpaylib.ui.PayTypeActivity
ADDED from src\main\AndroidManifest.xml:37:9-41:20
	android:configChanges
		ADDED from src\main\AndroidManifest.xml:39:13-74
	android:theme
		ADDED from src\main\AndroidManifest.xml:40:13-49
	android:name
		ADDED from src\main\AndroidManifest.xml:38:13-71
activity#com.jrmf360.walletpaylib.ui.CertificationActivity
ADDED from src\main\AndroidManifest.xml:43:9-47:20
	android:configChanges
		ADDED from src\main\AndroidManifest.xml:45:13-74
	android:name
		ADDED from src\main\AndroidManifest.xml:44:13-77
activity#com.jrmf360.walletpaylib.ui.SetPwdActivity
ADDED from src\main\AndroidManifest.xml:48:9-52:20
	android:configChanges
		ADDED from src\main\AndroidManifest.xml:50:13-74
	android:name
		ADDED from src\main\AndroidManifest.xml:49:13-70
activity#com.jrmf360.walletpaylib.ui.WebViewActivity
ADDED from src\main\AndroidManifest.xml:53:9-57:20
	android:configChanges
		ADDED from src\main\AndroidManifest.xml:55:13-74
	android:name
		ADDED from src\main\AndroidManifest.xml:54:13-71
activity#com.alipay.sdk.app.H5PayActivity
ADDED from src\main\AndroidManifest.xml:61:9-67:20
	android:screenOrientation
		ADDED from src\main\AndroidManifest.xml:65:13-47
	android:windowSoftInputMode
		ADDED from src\main\AndroidManifest.xml:66:13-67
	android:exported
		ADDED from src\main\AndroidManifest.xml:64:13-37
	android:configChanges
		ADDED from src\main\AndroidManifest.xml:63:13-85
	android:name
		ADDED from src\main\AndroidManifest.xml:62:13-60
activity#com.alipay.sdk.auth.AuthActivity
ADDED from src\main\AndroidManifest.xml:68:9-73:20
	android:screenOrientation
		ADDED from src\main\AndroidManifest.xml:72:13-47
	android:exported
		ADDED from src\main\AndroidManifest.xml:71:13-37
	android:configChanges
		ADDED from src\main\AndroidManifest.xml:70:13-74
	android:name
		ADDED from src\main\AndroidManifest.xml:69:13-60
activity#com.jrmf360.walletpaylib.ui.GetPwdActivity
ADDED from src\main\AndroidManifest.xml:74:9-54
	android:name
		ADDED from src\main\AndroidManifest.xml:74:19-52
uses-sdk
INJECTED from src\main\AndroidManifest.xml reason: use-sdk injection requested
INJECTED from src\main\AndroidManifest.xml
INJECTED from src\main\AndroidManifest.xml
INJECTED from src\main\AndroidManifest.xml
INJECTED from src\main\AndroidManifest.xml
	android:targetSdkVersion
		INJECTED from src\main\AndroidManifest.xml
		ADDED from src\main\AndroidManifest.xml
		INJECTED from src\main\AndroidManifest.xml
	android:minSdkVersion
		INJECTED from src\main\AndroidManifest.xml
		ADDED from src\main\AndroidManifest.xml
		INJECTED from src\main\AndroidManifest.xml